
> @persona/web@0.1.0 start
> next start -p 3000 -p 3010

   ▲ Next.js 15.2.4
   - Local:        http://localhost:3010
   - Network:      http://192.168.0.210:3010

 ✓ Starting...
 ✓ Ready in 348ms
 ⨯ [Error: Cannot find module './846.js'
Require stack:
- C:\Users\mrjos\Documents\Github\Persona\apps\web\.next\server\webpack-runtime.js
- C:\Users\mrjos\Documents\Github\Persona\apps\web\.next\server\pages\_document.js
- C:\Users\mrjos\Documents\Github\Persona\node_modules\next\dist\server\require.js
- C:\Users\mrjos\Documents\Github\Persona\node_modules\next\dist\server\load-components.js
- C:\Users\mrjos\Documents\Github\Persona\node_modules\next\dist\build\utils.js
- C:\Users\mrjos\Documents\Github\Persona\node_modules\next\dist\build\swc\options.js
- C:\Users\mrjos\Documents\Github\Persona\node_modules\next\dist\build\swc\index.js
- C:\Users\mrjos\Documents\Github\Persona\node_modules\next\dist\build\next-config-ts\transpile-config.js
- C:\Users\mrjos\Documents\Github\Persona\node_modules\next\dist\server\config.js
- C:\Users\mrjos\Documents\Github\Persona\node_modules\next\dist\cli\next-test.js
- C:\Users\mrjos\Documents\Github\Persona\node_modules\next\dist\bin\next] {
  code: 'MODULE_NOT_FOUND',
  requireStack: [Array]
}
 ⨯ [Error: Cannot find module './496.js'
Require stack:
- C:\Users\mrjos\Documents\Github\Persona\apps\web\.next\server\webpack-runtime.js
- C:\Users\mrjos\Documents\Github\Persona\apps\web\.next\server\pages\_document.js
- C:\Users\mrjos\Documents\Github\Persona\node_modules\next\dist\server\require.js
- C:\Users\mrjos\Documents\Github\Persona\node_modules\next\dist\server\load-components.js
- C:\Users\mrjos\Documents\Github\Persona\node_modules\next\dist\build\utils.js
- C:\Users\mrjos\Documents\Github\Persona\node_modules\next\dist\build\swc\options.js
- C:\Users\mrjos\Documents\Github\Persona\node_modules\next\dist\build\swc\index.js
- C:\Users\mrjos\Documents\Github\Persona\node_modules\next\dist\build\next-config-ts\transpile-config.js
- C:\Users\mrjos\Documents\Github\Persona\node_modules\next\dist\server\config.js
- C:\Users\mrjos\Documents\Github\Persona\node_modules\next\dist\cli\next-test.js
- C:\Users\mrjos\Documents\Github\Persona\node_modules\next\dist\bin\next] {
  code: 'MODULE_NOT_FOUND',
  requireStack: [Array]
}
 ⨯ [Error: Cannot find module './846.js'
Require stack:
- C:\Users\mrjos\Documents\Github\Persona\apps\web\.next\server\webpack-runtime.js
- C:\Users\mrjos\Documents\Github\Persona\apps\web\.next\server\pages\_document.js
- C:\Users\mrjos\Documents\Github\Persona\node_modules\next\dist\server\require.js
- C:\Users\mrjos\Documents\Github\Persona\node_modules\next\dist\server\load-components.js
- C:\Users\mrjos\Documents\Github\Persona\node_modules\next\dist\build\utils.js
- C:\Users\mrjos\Documents\Github\Persona\node_modules\next\dist\build\swc\options.js
- C:\Users\mrjos\Documents\Github\Persona\node_modules\next\dist\build\swc\index.js
- C:\Users\mrjos\Documents\Github\Persona\node_modules\next\dist\build\next-config-ts\transpile-config.js
- C:\Users\mrjos\Documents\Github\Persona\node_modules\next\dist\server\config.js
- C:\Users\mrjos\Documents\Github\Persona\node_modules\next\dist\cli\next-test.js
- C:\Users\mrjos\Documents\Github\Persona\node_modules\next\dist\bin\next] {
  code: 'MODULE_NOT_FOUND',
  requireStack: [Array]
}
 ⨯ [Error: Cannot find module './496.js'
Require stack:
- C:\Users\mrjos\Documents\Github\Persona\apps\web\.next\server\webpack-runtime.js
- C:\Users\mrjos\Documents\Github\Persona\apps\web\.next\server\pages\_document.js
- C:\Users\mrjos\Documents\Github\Persona\node_modules\next\dist\server\require.js
- C:\Users\mrjos\Documents\Github\Persona\node_modules\next\dist\server\load-components.js
- C:\Users\mrjos\Documents\Github\Persona\node_modules\next\dist\build\utils.js
- C:\Users\mrjos\Documents\Github\Persona\node_modules\next\dist\build\swc\options.js
- C:\Users\mrjos\Documents\Github\Persona\node_modules\next\dist\build\swc\index.js
- C:\Users\mrjos\Documents\Github\Persona\node_modules\next\dist\build\next-config-ts\transpile-config.js
- C:\Users\mrjos\Documents\Github\Persona\node_modules\next\dist\server\config.js
- C:\Users\mrjos\Documents\Github\Persona\node_modules\next\dist\cli\next-test.js
- C:\Users\mrjos\Documents\Github\Persona\node_modules\next\dist\bin\next] {
  code: 'MODULE_NOT_FOUND',
  requireStack: [Array]
}
 ⨯ [Error: Cannot find module './846.js'
Require stack:
- C:\Users\mrjos\Documents\Github\Persona\apps\web\.next\server\webpack-runtime.js
- C:\Users\mrjos\Documents\Github\Persona\apps\web\.next\server\pages\_document.js
- C:\Users\mrjos\Documents\Github\Persona\node_modules\next\dist\server\require.js
- C:\Users\mrjos\Documents\Github\Persona\node_modules\next\dist\server\load-components.js
- C:\Users\mrjos\Documents\Github\Persona\node_modules\next\dist\build\utils.js
- C:\Users\mrjos\Documents\Github\Persona\node_modules\next\dist\build\swc\options.js
- C:\Users\mrjos\Documents\Github\Persona\node_modules\next\dist\build\swc\index.js
- C:\Users\mrjos\Documents\Github\Persona\node_modules\next\dist\build\next-config-ts\transpile-config.js
- C:\Users\mrjos\Documents\Github\Persona\node_modules\next\dist\server\config.js
- C:\Users\mrjos\Documents\Github\Persona\node_modules\next\dist\cli\next-test.js
- C:\Users\mrjos\Documents\Github\Persona\node_modules\next\dist\bin\next] {
  code: 'MODULE_NOT_FOUND',
  requireStack: [Array]
}
