
> @persona/web@0.1.0 build
> node -e "require('node:fs').rmSync('.next', { recursive: true, force: true })" && next build

   ▲ Next.js 15.2.4

   Creating an optimized production build ...
 ✓ Compiled successfully
   Linting and checking validity of types ...
   Collecting page data ...
   Generating static pages (0/4) ...
   Generating static pages (1/4) 
   Generating static pages (2/4) 
   Generating static pages (3/4) 
 ✓ Generating static pages (4/4)
   Finalizing page optimization ...
   Collecting build traces ...

Route (app)                                 Size  First Load JS
┌ ○ /                                      172 B         104 kB
├ ○ /_not-found                            975 B         102 kB
└ ƒ /canvas/[id]                         55.3 kB         156 kB
+ First Load JS shared by all             101 kB
  ├ chunks/315-6b11f25acf83423e.js       45.7 kB
  ├ chunks/87c73c54-36ecd0a0b98617e9.js  53.2 kB
  └ other shared chunks (total)          1.99 kB


○  (Static)   prerendered as static content
ƒ  (Dynamic)  server-rendered on demand

